2024-09-12 06:25:04,786 - ERROR - Stale element reference exception: solo leveling
2024-09-12 06:25:28,997 - ERROR - Failed to load manga: Message: stale element reference: stale element not found
  (Session info: chrome=128.0.6613.121); For documentation on this error, please visit: https://www.selenium.dev/documentation/webdriver/troubleshooting/errors#stale-element-reference-exception
Stacktrace:
	GetHandleVerifier [0x00E7D933+25811]
	(No symbol) [0x00E0E314]
	(No symbol) [0x00D02523]
	(No symbol) [0x00D10BE5]
	(No symbol) [0x00D0898C]
	(No symbol) [0x00D06CA7]
	(No symbol) [0x00D09988]
	(No symbol) [0x00D09A00]
	(No symbol) [0x00D470F5]
	(No symbol) [0x00D4765B]
	(No symbol) [0x00D3D861]
	(No symbol) [0x00D6AD74]
	(No symbol) [0x00D3D475]
	(No symbol) [0x00D6AFC4]
	(No symbol) [0x00D846F0]
	(No symbol) [0x00D6AAC6]
	(No symbol) [0x00D3BEFD]
	(No symbol) [0x00D3C8FD]
	GetHandleVerifier [0x0114F143+2981091]
	GetHandleVerifier [0x011A2FF9+3324825]
	GetHandleVerifier [0x00F0B32F+605903]
	GetHandleVerifier [0x00F12CBC+637020]
	(No symbol) [0x00E16F4D]
	(No symbol) [0x00E13DD8]
	(No symbol) [0x00E13F75]
	(No symbol) [0x00E06406]
	BaseThreadInitThunk [0x75B17BA9+25]
	RtlInitializeExceptionChain [0x7758C11B+107]
	RtlClearBits [0x7758C09F+191]

2024-09-12 06:37:21,476 - ERROR - Failed to load manga: Message: disconnected: not connected to DevTools
  (failed to check if window was closed: disconnected: not connected to DevTools)
  (Session info: chrome=128.0.6613.121)
Stacktrace:
	GetHandleVerifier [0x00E7D933+25811]
	(No symbol) [0x00E0E314]
	(No symbol) [0x00D02523]
	(No symbol) [0x00CED178]
	(No symbol) [0x00CED099]
	(No symbol) [0x00D049C0]
	(No symbol) [0x00D84049]
	(No symbol) [0x00D6AAC6]
	(No symbol) [0x00D3BEFD]
	(No symbol) [0x00D3C8FD]
	GetHandleVerifier [0x0114F143+2981091]
	GetHandleVerifier [0x011A2FF9+3324825]
	GetHandleVerifier [0x00F0B32F+605903]
	GetHandleVerifier [0x00F12CBC+637020]
	(No symbol) [0x00E16F4D]
	(No symbol) [0x00E13DD8]
	(No symbol) [0x00E13F75]
	(No symbol) [0x00E06406]
	BaseThreadInitThunk [0x75B17BA9+25]
	RtlInitializeExceptionChain [0x7758C11B+107]
	RtlClearBits [0x7758C09F+191]

